<?xml version="1.0" encoding="UTF-8"?>
<!-- Generated by org.testng.reporters.JUnitXMLReporter -->
<testsuite ignored="0" hostname="ASHWIN" failures="0" tests="4" name="Test" time="2.357" errors="0" timestamp="2023-09-25T19:42:29 IST">
  <testcase classname="ApiChaining.PostRequest" name="createUser" time="2.0"/>
  <testcase classname="ApiChaining.GetRequest" name="getUser" time="0.168"/>
  <testcase classname="ApiChaining.PutRequest" name="getUser" time="0.099"/>
  <testcase classname="ApiChaining.DeleteRequest" name="deleteUser" time="0.043"/>
</testsuite> <!-- Test -->
