<?xml version="1.0" encoding="UTF-8"?>
<testng-results ignored="0" total="4" passed="4" failed="0" skipped="0">
  <reporter-output>
  </reporter-output>
  <suite started-at="2023-09-25T19:42:27 IST" name="ApiChaining" finished-at="2023-09-25T19:42:29 IST" duration-ms="2357">
    <groups>
    </groups>
    <test started-at="2023-09-25T19:42:27 IST" name="Test" finished-at="2023-09-25T19:42:29 IST" duration-ms="2357">
      <class name="ApiChaining.DeleteRequest">
        <test-method signature="deleteUser(org.testng.ITestContext)[pri:0, instance:ApiChaining.DeleteRequest@16d04d3d]" started-at="2023-09-25T19:42:29 IST" name="deleteUser" finished-at="2023-09-25T19:42:29 IST" duration-ms="43" status="PASS">
          <params>
            <param index="0">
              <value>
                <![CDATA[org.testng.TestRunner@5f8edcc5]]>
              </value>
            </param>
          </params>
          <reporter-output>
          </reporter-output>
        </test-method> <!-- deleteUser -->
      </class> <!-- ApiChaining.DeleteRequest -->
      <class name="ApiChaining.GetRequest">
        <test-method signature="getUser(org.testng.ITestContext)[pri:0, instance:ApiChaining.GetRequest@36bc55de]" started-at="2023-09-25T19:42:29 IST" name="getUser" finished-at="2023-09-25T19:42:29 IST" duration-ms="168" status="PASS">
          <params>
            <param index="0">
              <value>
                <![CDATA[org.testng.TestRunner@5f8edcc5]]>
              </value>
            </param>
          </params>
          <reporter-output>
          </reporter-output>
        </test-method> <!-- getUser -->
      </class> <!-- ApiChaining.GetRequest -->
      <class name="ApiChaining.PutRequest">
        <test-method signature="getUser(org.testng.ITestContext)[pri:0, instance:ApiChaining.PutRequest@564fabc8]" started-at="2023-09-25T19:42:29 IST" name="getUser" finished-at="2023-09-25T19:42:29 IST" duration-ms="99" status="PASS">
          <params>
            <param index="0">
              <value>
                <![CDATA[org.testng.TestRunner@5f8edcc5]]>
              </value>
            </param>
          </params>
          <reporter-output>
          </reporter-output>
        </test-method> <!-- getUser -->
      </class> <!-- ApiChaining.PutRequest -->
      <class name="ApiChaining.PostRequest">
        <test-method signature="createUser(org.testng.ITestContext)[pri:0, instance:ApiChaining.PostRequest@595b007d]" started-at="2023-09-25T19:42:27 IST" name="createUser" finished-at="2023-09-25T19:42:29 IST" duration-ms="2000" status="PASS">
          <params>
            <param index="0">
              <value>
                <![CDATA[org.testng.TestRunner@5f8edcc5]]>
              </value>
            </param>
          </params>
          <reporter-output>
          </reporter-output>
        </test-method> <!-- createUser -->
      </class> <!-- ApiChaining.PostRequest -->
    </test> <!-- Test -->
  </suite> <!-- ApiChaining -->
</testng-results>
